<?xml version="1.0" encoding="UTF-8"?>
<testng-results ignored="0" total="2" passed="1" failed="1" skipped="0">
  <reporter-output>
    <line>
      <![CDATA[http://sampleapp.tricentis.com/101/app.php]]>
    </line>
    <line>
      <![CDATA[Enter Vehicle Data]]>
    </line>
  </reporter-output>
  <suite started-at="2023-01-31T21:23:26 EST" name="Default suite" finished-at="2023-01-31T21:23:44 EST" duration-ms="17566">
    <groups>
    </groups>
    <test started-at="2023-01-31T21:23:26 EST" name="Default test" finished-at="2023-01-31T21:23:44 EST" duration-ms="17566">
      <class name="pagesTest.AutomobilePageTest">
        <test-method is-config="true" signature="Setup()[pri:0, instance:pagesTest.AutomobilePageTest@fba92d3]" started-at="2023-01-31T21:23:26 EST" name="Setup" finished-at="2023-01-31T21:23:43 EST" duration-ms="16470" status="PASS">
          <reporter-output>
          </reporter-output>
        </test-method> <!-- Setup -->
        <test-method signature="firstScenario()[pri:0, instance:pagesTest.AutomobilePageTest@fba92d3]" started-at="2023-01-31T21:23:43 EST" name="firstScenario" finished-at="2023-01-31T21:23:44 EST" duration-ms="848" status="FAIL">
          <exception class="org.openqa.selenium.ElementNotInteractableException">
            <message>
              <![CDATA[Element <option> could not be scrolled into view
Build info: version: '4.7.2', revision: '4d4020c3b7'
System info: os.name: 'Windows 10', os.arch: 'amd64', os.version: '10.0', java.version: '17.0.4'
Driver info: org.openqa.selenium.firefox.FirefoxDriver
Command: [6346f0ef-ffc7-4569-bb84-fb25d6a692b6, clickElement {id=84ad4505-7019-4fd7-bcbb-b02e8feae306}]
Capabilities {acceptInsecureCerts: true, browserName: firefox, browserVersion: 110.0, moz:accessibilityChecks: false, moz:buildID: 20230129190147, moz:debuggerAddress: 127.0.0.1:24587, moz:geckodriverVersion: 0.32.0, moz:headless: false, moz:platformVersion: 10.0, moz:processID: 7016, moz:profile: C:\Users\NBL\AppData\Local\..., moz:shutdownTimeout: 60000, moz:useNonSpecCompliantPointerOrigin: false, moz:webdriverClick: true, moz:windowless: false, pageLoadStrategy: normal, platformName: WINDOWS, proxy: Proxy(), se:cdp: ws://127.0.0.1:24587/devtoo..., se:cdpVersion: 85.0, setWindowRect: true, strictFileInteractability: false, timeouts: {implicit: 0, pageLoad: 300000, script: 30000}, unhandledPromptBehavior: dismiss and notify}
Element: [[[[FirefoxDriver: firefox on WINDOWS (6346f0ef-ffc7-4569-bb84-fb25d6a692b6)] -> xpath: //select[@id='make']]] -> xpath: .//option[normalize-space(.) = "BMW"]]
Session ID: 6346f0ef-ffc7-4569-bb84-fb25d6a692b6]]>
            </message>
            <full-stacktrace>
              <![CDATA[org.openqa.selenium.ElementNotInteractableException: Element <option> could not be scrolled into view
Build info: version: '4.7.2', revision: '4d4020c3b7'
System info: os.name: 'Windows 10', os.arch: 'amd64', os.version: '10.0', java.version: '17.0.4'
Driver info: org.openqa.selenium.firefox.FirefoxDriver
Command: [6346f0ef-ffc7-4569-bb84-fb25d6a692b6, clickElement {id=84ad4505-7019-4fd7-bcbb-b02e8feae306}]
Capabilities {acceptInsecureCerts: true, browserName: firefox, browserVersion: 110.0, moz:accessibilityChecks: false, moz:buildID: 20230129190147, moz:debuggerAddress: 127.0.0.1:24587, moz:geckodriverVersion: 0.32.0, moz:headless: false, moz:platformVersion: 10.0, moz:processID: 7016, moz:profile: C:\Users\NBL\AppData\Local\..., moz:shutdownTimeout: 60000, moz:useNonSpecCompliantPointerOrigin: false, moz:webdriverClick: true, moz:windowless: false, pageLoadStrategy: normal, platformName: WINDOWS, proxy: Proxy(), se:cdp: ws://127.0.0.1:24587/devtoo..., se:cdpVersion: 85.0, setWindowRect: true, strictFileInteractability: false, timeouts: {implicit: 0, pageLoad: 300000, script: 30000}, unhandledPromptBehavior: dismiss and notify}
Element: [[[[FirefoxDriver: firefox on WINDOWS (6346f0ef-ffc7-4569-bb84-fb25d6a692b6)] -> xpath: //select[@id='make']]] -> xpath: .//option[normalize-space(.) = "BMW"]]
Session ID: 6346f0ef-ffc7-4569-bb84-fb25d6a692b6
at java.base/jdk.internal.reflect.NativeConstructorAccessorImpl.newInstance0(Native Method)
at java.base/jdk.internal.reflect.NativeConstructorAccessorImpl.newInstance(NativeConstructorAccessorImpl.java:77)
at java.base/jdk.internal.reflect.DelegatingConstructorAccessorImpl.newInstance(DelegatingConstructorAccessorImpl.java:45)
at java.base/java.lang.reflect.Constructor.newInstanceWithCaller(Constructor.java:499)
at java.base/java.lang.reflect.Constructor.newInstance(Constructor.java:480)
at org.openqa.selenium.remote.codec.w3c.W3CHttpResponseCodec.createException(W3CHttpResponseCodec.java:200)
at org.openqa.selenium.remote.codec.w3c.W3CHttpResponseCodec.decode(W3CHttpResponseCodec.java:133)
at org.openqa.selenium.remote.codec.w3c.W3CHttpResponseCodec.decode(W3CHttpResponseCodec.java:53)
at org.openqa.selenium.remote.HttpCommandExecutor.execute(HttpCommandExecutor.java:184)
at org.openqa.selenium.remote.service.DriverCommandExecutor.invokeExecute(DriverCommandExecutor.java:167)
at org.openqa.selenium.remote.service.DriverCommandExecutor.execute(DriverCommandExecutor.java:142)
at org.openqa.selenium.remote.RemoteWebDriver.execute(RemoteWebDriver.java:535)
at org.openqa.selenium.remote.RemoteWebElement.execute(RemoteWebElement.java:257)
at org.openqa.selenium.remote.RemoteWebElement.click(RemoteWebElement.java:78)
at org.openqa.selenium.support.ui.Select.setSelected(Select.java:320)
at org.openqa.selenium.support.ui.Select.selectByVisibleText(Select.java:119)
at Utils.GenericMethods.doDropDownByVisibleText(GenericMethods.java:48)
at Pages.AutomobilePage.completeFormWithValidData(AutomobilePage.java:46)
at pagesTest.AutomobilePageTest.firstScenario(AutomobilePageTest.java:18)
at java.base/jdk.internal.reflect.NativeMethodAccessorImpl.invoke0(Native Method)
at java.base/jdk.internal.reflect.NativeMethodAccessorImpl.invoke(NativeMethodAccessorImpl.java:77)
at java.base/jdk.internal.reflect.DelegatingMethodAccessorImpl.invoke(DelegatingMethodAccessorImpl.java:43)
at java.base/java.lang.reflect.Method.invoke(Method.java:568)
at org.testng.internal.invokers.MethodInvocationHelper.invokeMethod(MethodInvocationHelper.java:139)
at org.testng.internal.invokers.TestInvoker.invokeMethod(TestInvoker.java:677)
at org.testng.internal.invokers.TestInvoker.invokeTestMethod(TestInvoker.java:221)
at org.testng.internal.invokers.MethodRunner.runInSequence(MethodRunner.java:50)
at org.testng.internal.invokers.TestInvoker$MethodInvocationAgent.invoke(TestInvoker.java:969)
at org.testng.internal.invokers.TestInvoker.invokeTestMethods(TestInvoker.java:194)
at org.testng.internal.invokers.TestMethodWorker.invokeTestMethods(TestMethodWorker.java:148)
at org.testng.internal.invokers.TestMethodWorker.run(TestMethodWorker.java:128)
at java.base/java.util.ArrayList.forEach(ArrayList.java:1511)
at org.testng.TestRunner.privateRun(TestRunner.java:829)
at org.testng.TestRunner.run(TestRunner.java:602)
at org.testng.SuiteRunner.runTest(SuiteRunner.java:437)
at org.testng.SuiteRunner.runSequentially(SuiteRunner.java:431)
at org.testng.SuiteRunner.privateRun(SuiteRunner.java:391)
at org.testng.SuiteRunner.run(SuiteRunner.java:330)
at org.testng.SuiteRunnerWorker.runSuite(SuiteRunnerWorker.java:52)
at org.testng.SuiteRunnerWorker.run(SuiteRunnerWorker.java:95)
at org.testng.TestNG.runSuitesSequentially(TestNG.java:1256)
at org.testng.TestNG.runSuitesLocally(TestNG.java:1176)
at org.testng.TestNG.runSuites(TestNG.java:1099)
at org.testng.TestNG.run(TestNG.java:1067)
at org.testng.remote.AbstractRemoteTestNG.run(AbstractRemoteTestNG.java:115)
at org.testng.remote.RemoteTestNG.initAndRun(RemoteTestNG.java:251)
at org.testng.remote.RemoteTestNG.main(RemoteTestNG.java:77)
]]>
            </full-stacktrace>
          </exception> <!-- org.openqa.selenium.ElementNotInteractableException -->
          <reporter-output>
          </reporter-output>
        </test-method> <!-- firstScenario -->
        <test-method signature="validateAutomobilePage()[pri:0, instance:pagesTest.AutomobilePageTest@fba92d3]" started-at="2023-01-31T21:23:44 EST" name="validateAutomobilePage" finished-at="2023-01-31T21:23:44 EST" duration-ms="25" status="PASS">
          <reporter-output>
            <line>
              <![CDATA[http://sampleapp.tricentis.com/101/app.php]]>
            </line>
            <line>
              <![CDATA[Enter Vehicle Data]]>
            </line>
          </reporter-output>
        </test-method> <!-- validateAutomobilePage -->
        <test-method is-config="true" signature="tearDown()[pri:0, instance:pagesTest.AutomobilePageTest@fba92d3]" started-at="2023-01-31T21:23:44 EST" name="tearDown" finished-at="2023-01-31T21:23:44 EST" duration-ms="1" status="PASS">
          <reporter-output>
          </reporter-output>
        </test-method> <!-- tearDown -->
      </class> <!-- pagesTest.AutomobilePageTest -->
    </test> <!-- Default test -->
  </suite> <!-- Default suite -->
</testng-results>
